2025-07-24 09:24:22,439 - data_preprocessing - DEBUG - Data Loaded Properly.
2025-07-24 09:24:22,439 - data_preprocessing - DEBUG - Starting preprocessing for DataFrame
2025-07-24 09:24:22,446 - data_preprocessing - DEBUG - Target Column Encoded.
2025-07-24 09:24:22,458 - data_preprocessing - DEBUG - Duplicate Removed
2025-07-24 09:24:37,659 - data_preprocessing - DEBUG - Text Column Transformed.
2025-07-24 09:24:37,660 - data_preprocessing - DEBUG - Starting preprocessing for DataFrame
2025-07-24 09:24:37,661 - data_preprocessing - DEBUG - Target Column Encoded.
2025-07-24 09:24:37,662 - data_preprocessing - DEBUG - Duplicate Removed
2025-07-24 09:24:38,395 - data_preprocessing - DEBUG - Text Column Transformed.
2025-07-24 09:24:38,400 - data_preprocessing - DEBUG - Data Transformed Correctly
2025-07-24 09:24:38,424 - data_preprocessing - DEBUG - Processed Data is Saved: ./data\interim
2025-07-24 10:09:13,247 - data_preprocessing - DEBUG - Data Loaded Properly.
2025-07-24 10:09:13,247 - data_preprocessing - DEBUG - Starting preprocessing for DataFrame
2025-07-24 10:09:13,252 - data_preprocessing - DEBUG - Target Column Encoded.
2025-07-24 10:09:13,261 - data_preprocessing - DEBUG - Duplicate Removed
2025-07-24 10:09:23,567 - data_preprocessing - DEBUG - Text Column Transformed.
2025-07-24 10:09:23,568 - data_preprocessing - DEBUG - Starting preprocessing for DataFrame
2025-07-24 10:09:23,568 - data_preprocessing - DEBUG - Target Column Encoded.
2025-07-24 10:09:23,569 - data_preprocessing - DEBUG - Duplicate Removed
2025-07-24 10:09:24,085 - data_preprocessing - DEBUG - Text Column Transformed.
2025-07-24 10:09:24,085 - data_preprocessing - DEBUG - Data Transformed Correctly
2025-07-24 10:09:24,102 - data_preprocessing - DEBUG - Processed Data is Saved: ./data\interim
